This is pdfTeX, Version 3.141592653-2.6-1.40.26 (TeX Live 2024/Arch Linux) (preloaded format=pdflatex 2024.3.23)  28 NOV 2024 10:13
entering extended mode
 restricted \write18 enabled.
 %&-line parsing enabled.
**/home/justin/prog/bmdb/buildMDB.cpp
(/home/justin/prog/bmdb/buildMDB.cpp
LaTeX2e <2023-11-01> patch level 1
L3 programming layer <2024-02-20>
! You can't use `macro parameter character #' in vertical mode.
l.1 #
     include <cmath>
? 
! Emergency stop.
l.1 
    
End of file on the terminal!

 
Here is how much of TeX's memory you used:
 18 strings out of 476076
 469 string characters out of 5793775
 1925187 words of memory out of 5000000
 22223 multiletter control sequences out of 15000+600000
 558069 words of font info for 36 fonts, out of 8000000 for 9000
 14 hyphenation exceptions out of 8191
 12i,0n,13p,83b,8s stack positions out of 10000i,1000n,20000p,200000b,200000s
!  ==> Fatal error occurred, no output PDF file produced!
